2015-07-21 14:27:19,034 WARN [org.apache.hadoop.mapreduce.JobSubmitter] - Hadoop command-line option parsing not performed. Implement the Tool interface and execute your application with ToolRunner to remedy this.
s  2015-07-21 14:27:19,037 WARN [org.apache.hadoop.mapreduce.JobSubmitter] - No job jar file set.  User classes may not be found. See Job or Job#setJar(String).
s  2015-07-21 14:27:19,296 WARN [org.apache.hadoop.conf.Configuration] - file:/tmp/hadoop-jiang/mapred/staging/jiang1183777858/.staging/job_local1183777858_0001/job.xml:an attempt to override final parameter: mapreduce.job.end-notification.max.retry.interval;  Ignoring.
s  2015-07-21 14:27:19,296 WARN [org.apache.hadoop.conf.Configuration] - file:/tmp/hadoop-jiang/mapred/staging/jiang1183777858/.staging/job_local1183777858_0001/job.xml:an attempt to override final parameter: mapreduce.job.end-notification.max.attempts;  Ignoring.
s  2015-07-21 14:27:19,472 WARN [org.apache.hadoop.conf.Configuration] - file:/tmp/hadoop-jiang/mapred/local/localRunner/jiang/job_local1183777858_0001/job_local1183777858_0001.xml:an attempt to override final parameter: mapreduce.job.end-notification.max.retry.interval;  Ignoring.
s  2015-07-21 14:27:19,473 WARN [org.apache.hadoop.conf.Configuration] - file:/tmp/hadoop-jiang/mapred/local/localRunner/jiang/job_local1183777858_0001/job_local1183777858_0001.xml:an attempt to override final parameter: mapreduce.job.end-notification.max.attempts;  Ignoring.
s  2015-07-21 14:27:20,570 WARN [org.apache.hadoop.mapred.LocalJobRunner] - job_local1183777858_0001
s  java.lang.Exception: java.io.IOException: Type mismatch in key from map: expected org.apache.hadoop.io.IntWritable, received org.apache.hadoop.io.Text
	at org.apache.hadoop.mapred.LocalJobRunner$Job.run(LocalJobRunner.java:403)
Caused by: java.io.IOException: Type mismatch in key from map: expected org.apache.hadoop.io.IntWritable, received org.apache.hadoop.io.Text
	at org.apache.hadoop.mapred.MapTask$MapOutputBuffer.collect(MapTask.java:1050)
	at org.apache.hadoop.mapred.MapTask$NewOutputCollector.write(MapTask.java:691)
	at org.apache.hadoop.mapreduce.task.TaskInputOutputContextImpl.write(TaskInputOutputContextImpl.java:89)
	at org.apache.hadoop.mapreduce.lib.map.WrappedMapper$Context.write(WrappedMapper.java:112)
	at com.olojiang.mapper.WordCountMapper.map(WordCountMapper.java:29)
	at com.olojiang.mapper.WordCountMapper.map(WordCountMapper.java:1)
	at org.apache.hadoop.mapreduce.Mapper.run(Mapper.java:145)
	at org.apache.hadoop.mapred.MapTask.runNewMapper(MapTask.java:763)
	at org.apache.hadoop.mapred.MapTask.run(MapTask.java:339)
	at org.apache.hadoop.mapred.LocalJobRunner$Job$MapTaskRunnable.run(LocalJobRunner.java:235)
	at java.util.concurrent.Executors$RunnableAdapter.call(Executors.java:511)
	at java.util.concurrent.FutureTask.run(FutureTask.java:266)
	at java.util.concurrent.ThreadPoolExecutor.runWorker(ThreadPoolExecutor.java:1142)
	at java.util.concurrent.ThreadPoolExecutor$Worker.run(ThreadPoolExecutor.java:617)
	at java.lang.Thread.run(Thread.java:745)
2015-07-21 14:34:00,533 WARN [org.apache.hadoop.mapreduce.JobSubmitter] - Hadoop command-line option parsing not performed. Implement the Tool interface and execute your application with ToolRunner to remedy this.
s  2015-07-21 14:34:00,545 WARN [org.apache.hadoop.mapreduce.JobSubmitter] - No job jar file set.  User classes may not be found. See Job or Job#setJar(String).
s  2015-07-21 14:34:00,937 WARN [org.apache.hadoop.conf.Configuration] - file:/tmp/hadoop-jiang/mapred/staging/jiang392696548/.staging/job_local392696548_0001/job.xml:an attempt to override final parameter: mapreduce.job.end-notification.max.retry.interval;  Ignoring.
s  2015-07-21 14:34:00,938 WARN [org.apache.hadoop.conf.Configuration] - file:/tmp/hadoop-jiang/mapred/staging/jiang392696548/.staging/job_local392696548_0001/job.xml:an attempt to override final parameter: mapreduce.job.end-notification.max.attempts;  Ignoring.
s  2015-07-21 14:34:01,126 WARN [org.apache.hadoop.conf.Configuration] - file:/tmp/hadoop-jiang/mapred/local/localRunner/jiang/job_local392696548_0001/job_local392696548_0001.xml:an attempt to override final parameter: mapreduce.job.end-notification.max.retry.interval;  Ignoring.
s  2015-07-21 14:34:01,126 WARN [org.apache.hadoop.conf.Configuration] - file:/tmp/hadoop-jiang/mapred/local/localRunner/jiang/job_local392696548_0001/job_local392696548_0001.xml:an attempt to override final parameter: mapreduce.job.end-notification.max.attempts;  Ignoring.
s  2015-07-21 14:34:01,767 WARN [org.apache.hadoop.mapred.LocalJobRunner] - job_local392696548_0001
s  java.lang.Exception: java.io.IOException: Type mismatch in key from map: expected org.apache.hadoop.io.IntWritable, received org.apache.hadoop.io.Text
	at org.apache.hadoop.mapred.LocalJobRunner$Job.run(LocalJobRunner.java:403)
Caused by: java.io.IOException: Type mismatch in key from map: expected org.apache.hadoop.io.IntWritable, received org.apache.hadoop.io.Text
	at org.apache.hadoop.mapred.MapTask$MapOutputBuffer.collect(MapTask.java:1050)
	at org.apache.hadoop.mapred.MapTask$NewOutputCollector.write(MapTask.java:691)
	at org.apache.hadoop.mapreduce.task.TaskInputOutputContextImpl.write(TaskInputOutputContextImpl.java:89)
	at org.apache.hadoop.mapreduce.lib.map.WrappedMapper$Context.write(WrappedMapper.java:112)
	at com.olojiang.mapper.WordCountMapper.map(WordCountMapper.java:29)
	at com.olojiang.mapper.WordCountMapper.map(WordCountMapper.java:1)
	at org.apache.hadoop.mapreduce.Mapper.run(Mapper.java:145)
	at org.apache.hadoop.mapred.MapTask.runNewMapper(MapTask.java:763)
	at org.apache.hadoop.mapred.MapTask.run(MapTask.java:339)
	at org.apache.hadoop.mapred.LocalJobRunner$Job$MapTaskRunnable.run(LocalJobRunner.java:235)
	at java.util.concurrent.Executors$RunnableAdapter.call(Executors.java:511)
	at java.util.concurrent.FutureTask.run(FutureTask.java:266)
	at java.util.concurrent.ThreadPoolExecutor.runWorker(ThreadPoolExecutor.java:1142)
	at java.util.concurrent.ThreadPoolExecutor$Worker.run(ThreadPoolExecutor.java:617)
	at java.lang.Thread.run(Thread.java:745)
2015-07-21 14:34:51,680 WARN [org.apache.hadoop.mapreduce.JobSubmitter] - Hadoop command-line option parsing not performed. Implement the Tool interface and execute your application with ToolRunner to remedy this.
s  2015-07-21 14:34:51,685 WARN [org.apache.hadoop.mapreduce.JobSubmitter] - No job jar file set.  User classes may not be found. See Job or Job#setJar(String).
s  2015-07-21 14:34:52,022 WARN [org.apache.hadoop.conf.Configuration] - file:/tmp/hadoop-jiang/mapred/staging/jiang1710300019/.staging/job_local1710300019_0001/job.xml:an attempt to override final parameter: mapreduce.job.end-notification.max.retry.interval;  Ignoring.
s  2015-07-21 14:34:52,023 WARN [org.apache.hadoop.conf.Configuration] - file:/tmp/hadoop-jiang/mapred/staging/jiang1710300019/.staging/job_local1710300019_0001/job.xml:an attempt to override final parameter: mapreduce.job.end-notification.max.attempts;  Ignoring.
s  2015-07-21 14:34:52,177 WARN [org.apache.hadoop.conf.Configuration] - file:/tmp/hadoop-jiang/mapred/local/localRunner/jiang/job_local1710300019_0001/job_local1710300019_0001.xml:an attempt to override final parameter: mapreduce.job.end-notification.max.retry.interval;  Ignoring.
s  2015-07-21 14:34:52,177 WARN [org.apache.hadoop.conf.Configuration] - file:/tmp/hadoop-jiang/mapred/local/localRunner/jiang/job_local1710300019_0001/job_local1710300019_0001.xml:an attempt to override final parameter: mapreduce.job.end-notification.max.attempts;  Ignoring.
s  